<?xml version="1.0" encoding="UTF-8"?>
<!-- Generated by org.testng.reporters.JUnitReportReporter -->
<testsuite hostname="LAPTOP-M7GK49HD" failures="0" tests="1" name="testCases.TC_002_AccountLoginTest" time="1.665" errors="0" timestamp="2024-01-20T00:39:14 IST" skipped="0">
  <testcase classname="testCases.TC_002_AccountLoginTest" name="loginTest" time="1.665"/>
</testsuite> <!-- testCases.TC_002_AccountLoginTest -->
