<?xml version="1.0" encoding="UTF-8"?>
<!-- Generated by org.testng.reporters.JUnitReportReporter -->
<testsuite hostname="LAPTOP-M7GK49HD" failures="0" tests="1" name="testCases.TC_002_LoginTest" time="3.237" errors="0" timestamp="2024-02-01T10:13:11 IST" skipped="0">
  <testcase classname="testCases.TC_002_LoginTest" name="loginTest" time="3.237"/>
</testsuite> <!-- testCases.TC_002_LoginTest -->
