<?xml version="1.0" encoding="UTF-8"?>
<!-- Generated by org.testng.reporters.JUnitReportReporter -->
<testsuite hostname="LAPTOP-M7GK49HD" failures="0" tests="1" name="testCases.TC_001_AccountRegistrationTest" time="3.340" errors="0" timestamp="2024-01-26T13:51:52 IST" skipped="0">
  <testcase classname="testCases.TC_001_AccountRegistrationTest" name="register_account" time="3.340"/>
</testsuite> <!-- testCases.TC_001_AccountRegistrationTest -->
