<?xml version="1.0" encoding="UTF-8"?>
<!-- Generated by org.testng.reporters.JUnitReportReporter -->
<testsuite hostname="LAPTOP-M7GK49HD" failures="0" tests="1" name="testCases.TC_005_AddToCartTest" time="3.331" errors="0" timestamp="2024-02-06T10:11:25 IST" skipped="0">
  <testcase classname="testCases.TC_005_AddToCartTest" name="verifyAddToCart" time="3.331"/>
</testsuite> <!-- testCases.TC_005_AddToCartTest -->
