<?xml version="1.0" encoding="UTF-8"?>
<!-- Generated by org.testng.reporters.JUnitReportReporter -->
<testsuite hostname="LAPTOP-M7GK49HD" failures="0" tests="1" name="testCases.TC_004_SearchProductTest" time="1.696" errors="0" timestamp="2024-02-06T10:11:25 IST" skipped="0">
  <testcase classname="testCases.TC_004_SearchProductTest" name="verifyProductSearch" time="1.696"/>
</testsuite> <!-- testCases.TC_004_SearchProductTest -->
